{"/Users/yuvikaarora/Documents/my-clg-app/src/AboutUs.js": {"path":"/Users/yuvikaarora/Documents/my-clg-app/src/AboutUs.js","statementMap":{"0":{"start":{"line":10,"column":2},"end":{"line":20,"column":4}}},"fnMap":{"0":{"name":"About","decl":{"start":{"line":5,"column":9},"end":{"line":5,"column":14}},"loc":{"start":{"line":5,"column":17},"end":{"line":21,"column":1}},"line":5}},"branchMap":{},"s":{"0":1},"f":{"0":1},"b":{},"_coverageSchema":"1a1c01bbd47fc00a2c39e90264f33305004495a9","hash":"e2912dbe84b2cdf1f53907106dc2cf78a02ca497"}
,"/Users/yuvikaarora/Documents/my-clg-app/src/App.js": {"path":"/Users/yuvikaarora/Documents/my-clg-app/src/App.js","statementMap":{"0":{"start":{"line":19,"column":2},"end":{"line":35,"column":4}}},"fnMap":{"0":{"name":"App","decl":{"start":{"line":18,"column":9},"end":{"line":18,"column":12}},"loc":{"start":{"line":18,"column":15},"end":{"line":36,"column":1}},"line":18}},"branchMap":{},"s":{"0":1},"f":{"0":1},"b":{},"_coverageSchema":"1a1c01bbd47fc00a2c39e90264f33305004495a9","hash":"39eea42c98c9effb92e85e055f2e618730967335"}
,"/Users/yuvikaarora/Documents/my-clg-app/src/AuthProvider.js": {"path":"/Users/yuvikaarora/Documents/my-clg-app/src/AuthProvider.js","statementMap":{"0":{"start":{"line":5,"column":20},"end":{"line":5,"column":37}},"1":{"start":{"line":6,"column":21},"end":{"line":25,"column":1}},"2":{"start":{"line":7,"column":40},"end":{"line":7,"column":54}},"3":{"start":{"line":9,"column":2},"end":{"line":18,"column":20}},"4":{"start":{"line":10,"column":4},"end":{"line":16,"column":7}},"5":{"start":{"line":11,"column":6},"end":{"line":15,"column":7}},"6":{"start":{"line":12,"column":8},"end":{"line":12,"column":29}},"7":{"start":{"line":14,"column":8},"end":{"line":14,"column":29}},"8":{"start":{"line":20,"column":2},"end":{"line":24,"column":4}}},"fnMap":{"0":{"name":"(anonymous_0)","decl":{"start":{"line":6,"column":21},"end":{"line":6,"column":22}},"loc":{"start":{"line":6,"column":39},"end":{"line":25,"column":1}},"line":6},"1":{"name":"(anonymous_1)","decl":{"start":{"line":9,"column":12},"end":{"line":9,"column":13}},"loc":{"start":{"line":9,"column":18},"end":{"line":18,"column":3}},"line":9},"2":{"name":"(anonymous_2)","decl":{"start":{"line":10,"column":29},"end":{"line":10,"column":30}},"loc":{"start":{"line":10,"column":39},"end":{"line":16,"column":5}},"line":10}},"branchMap":{"0":{"loc":{"start":{"line":11,"column":6},"end":{"line":15,"column":7}},"type":"if","locations":[{"start":{"line":11,"column":6},"end":{"line":15,"column":7}},{"start":{"line":13,"column":13},"end":{"line":15,"column":7}}],"line":11}},"s":{"0":2,"1":2,"2":3,"3":3,"4":1,"5":1,"6":0,"7":1,"8":3},"f":{"0":3,"1":1,"2":1},"b":{"0":[0,1]},"_coverageSchema":"1a1c01bbd47fc00a2c39e90264f33305004495a9","hash":"b17d54f4388369d18203c3769095177af152168e"}
,"/Users/yuvikaarora/Documents/my-clg-app/src/Customers.js": {"path":"/Users/yuvikaarora/Documents/my-clg-app/src/Customers.js","statementMap":{"0":{"start":{"line":13,"column":2},"end":{"line":23,"column":4}}},"fnMap":{"0":{"name":"Customers","decl":{"start":{"line":7,"column":9},"end":{"line":7,"column":18}},"loc":{"start":{"line":7,"column":21},"end":{"line":24,"column":1}},"line":7}},"branchMap":{},"s":{"0":1},"f":{"0":1},"b":{},"_coverageSchema":"1a1c01bbd47fc00a2c39e90264f33305004495a9","hash":"3a77370b58532d7affd92d72d20a857d078b9bf5"}
,"/Users/yuvikaarora/Documents/my-clg-app/src/Home.js": {"path":"/Users/yuvikaarora/Documents/my-clg-app/src/Home.js","statementMap":{"0":{"start":{"line":11,"column":26},"end":{"line":11,"column":49}},"1":{"start":{"line":12,"column":34},"end":{"line":12,"column":46}},"2":{"start":{"line":13,"column":19},"end":{"line":13,"column":32}},"3":{"start":{"line":14,"column":26},"end":{"line":14,"column":46}},"4":{"start":{"line":16,"column":2},"end":{"line":21,"column":9}},"5":{"start":{"line":17,"column":21},"end":{"line":17,"column":65}},"6":{"start":{"line":17,"column":39},"end":{"line":17,"column":58}},"7":{"start":{"line":18,"column":4},"end":{"line":20,"column":6}},"8":{"start":{"line":19,"column":6},"end":{"line":19,"column":30}},"9":{"start":{"line":23,"column":2},"end":{"line":33,"column":20}},"10":{"start":{"line":24,"column":4},"end":{"line":32,"column":5}},"11":{"start":{"line":25,"column":27},"end":{"line":25,"column":62}},"12":{"start":{"line":26,"column":6},"end":{"line":31,"column":9}},"13":{"start":{"line":27,"column":8},"end":{"line":30,"column":9}},"14":{"start":{"line":28,"column":21},"end":{"line":28,"column":35}},"15":{"start":{"line":29,"column":10},"end":{"line":29,"column":60}},"16":{"start":{"line":35,"column":21},"end":{"line":41,"column":3}},"17":{"start":{"line":36,"column":4},"end":{"line":40,"column":5}},"18":{"start":{"line":37,"column":6},"end":{"line":37,"column":20}},"19":{"start":{"line":39,"column":6},"end":{"line":39,"column":25}},"20":{"start":{"line":43,"column":22},"end":{"line":45,"column":3}},"21":{"start":{"line":44,"column":4},"end":{"line":44,"column":24}},"22":{"start":{"line":46,"column":18},"end":{"line":48,"column":3}},"23":{"start":{"line":47,"column":4},"end":{"line":47,"column":23}},"24":{"start":{"line":49,"column":19},"end":{"line":51,"column":3}},"25":{"start":{"line":50,"column":4},"end":{"line":50,"column":26}},"26":{"start":{"line":52,"column":20},"end":{"line":54,"column":3}},"27":{"start":{"line":53,"column":4},"end":{"line":53,"column":27}},"28":{"start":{"line":55,"column":18},"end":{"line":57,"column":3}},"29":{"start":{"line":56,"column":4},"end":{"line":56,"column":25}},"30":{"start":{"line":59,"column":22},"end":{"line":59,"column":32}},"31":{"start":{"line":61,"column":4},"end":{"line":71,"column":30}},"32":{"start":{"line":72,"column":25},"end":{"line":72,"column":29}},"33":{"start":{"line":74,"column":2},"end":{"line":126,"column":4}}},"fnMap":{"0":{"name":"Home","decl":{"start":{"line":10,"column":9},"end":{"line":10,"column":13}},"loc":{"start":{"line":10,"column":16},"end":{"line":127,"column":1}},"line":10},"1":{"name":"(anonymous_1)","decl":{"start":{"line":16,"column":12},"end":{"line":16,"column":13}},"loc":{"start":{"line":16,"column":18},"end":{"line":21,"column":3}},"line":16},"2":{"name":"(anonymous_2)","decl":{"start":{"line":17,"column":33},"end":{"line":17,"column":34}},"loc":{"start":{"line":17,"column":39},"end":{"line":17,"column":58}},"line":17},"3":{"name":"(anonymous_3)","decl":{"start":{"line":18,"column":11},"end":{"line":18,"column":12}},"loc":{"start":{"line":18,"column":17},"end":{"line":20,"column":5}},"line":18},"4":{"name":"(anonymous_4)","decl":{"start":{"line":23,"column":12},"end":{"line":23,"column":13}},"loc":{"start":{"line":23,"column":18},"end":{"line":33,"column":3}},"line":23},"5":{"name":"(anonymous_5)","decl":{"start":{"line":26,"column":28},"end":{"line":26,"column":29}},"loc":{"start":{"line":26,"column":42},"end":{"line":31,"column":7}},"line":26},"6":{"name":"(anonymous_6)","decl":{"start":{"line":35,"column":21},"end":{"line":35,"column":22}},"loc":{"start":{"line":35,"column":27},"end":{"line":41,"column":3}},"line":35},"7":{"name":"(anonymous_7)","decl":{"start":{"line":43,"column":22},"end":{"line":43,"column":23}},"loc":{"start":{"line":43,"column":28},"end":{"line":45,"column":3}},"line":43},"8":{"name":"(anonymous_8)","decl":{"start":{"line":46,"column":18},"end":{"line":46,"column":19}},"loc":{"start":{"line":46,"column":24},"end":{"line":48,"column":3}},"line":46},"9":{"name":"(anonymous_9)","decl":{"start":{"line":49,"column":19},"end":{"line":49,"column":20}},"loc":{"start":{"line":49,"column":25},"end":{"line":51,"column":3}},"line":49},"10":{"name":"(anonymous_10)","decl":{"start":{"line":52,"column":20},"end":{"line":52,"column":21}},"loc":{"start":{"line":52,"column":26},"end":{"line":54,"column":3}},"line":52},"11":{"name":"(anonymous_11)","decl":{"start":{"line":55,"column":18},"end":{"line":55,"column":19}},"loc":{"start":{"line":55,"column":24},"end":{"line":57,"column":3}},"line":55}},"branchMap":{"0":{"loc":{"start":{"line":24,"column":4},"end":{"line":32,"column":5}},"type":"if","locations":[{"start":{"line":24,"column":4},"end":{"line":32,"column":5}},{"start":{},"end":{}}],"line":24},"1":{"loc":{"start":{"line":27,"column":8},"end":{"line":30,"column":9}},"type":"if","locations":[{"start":{"line":27,"column":8},"end":{"line":30,"column":9}},{"start":{},"end":{}}],"line":27},"2":{"loc":{"start":{"line":36,"column":4},"end":{"line":40,"column":5}},"type":"if","locations":[{"start":{"line":36,"column":4},"end":{"line":40,"column":5}},{"start":{"line":38,"column":11},"end":{"line":40,"column":5}}],"line":36},"3":{"loc":{"start":{"line":76,"column":7},"end":{"line":114,"column":7}},"type":"binary-expr","locations":[{"start":{"line":76,"column":7},"end":{"line":76,"column":18}},{"start":{"line":77,"column":8},"end":{"line":113,"column":14}}],"line":76},"4":{"loc":{"start":{"line":117,"column":11},"end":{"line":117,"column":44}},"type":"cond-expr","locations":[{"start":{"line":117,"column":25},"end":{"line":117,"column":34}},{"start":{"line":117,"column":37},"end":{"line":117,"column":44}}],"line":117},"5":{"loc":{"start":{"line":119,"column":9},"end":{"line":123,"column":9}},"type":"binary-expr","locations":[{"start":{"line":119,"column":9},"end":{"line":119,"column":21}},{"start":{"line":120,"column":10},"end":{"line":122,"column":19}}],"line":119}},"s":{"0":1,"1":1,"2":1,"3":1,"4":1,"5":1,"6":0,"7":1,"8":0,"9":1,"10":1,"11":0,"12":0,"13":0,"14":0,"15":0,"16":1,"17":0,"18":0,"19":0,"20":1,"21":0,"22":1,"23":0,"24":1,"25":0,"26":1,"27":0,"28":1,"29":0,"30":1,"31":1,"32":1,"33":1},"f":{"0":1,"1":1,"2":0,"3":0,"4":1,"5":0,"6":0,"7":0,"8":0,"9":0,"10":0,"11":0},"b":{"0":[0,1],"1":[0,0],"2":[0,0],"3":[1,0],"4":[0,1],"5":[1,1]},"_coverageSchema":"1a1c01bbd47fc00a2c39e90264f33305004495a9","hash":"277d92c092dac47203055b2b5976e20110325587"}
,"/Users/yuvikaarora/Documents/my-clg-app/src/Login.js": {"path":"/Users/yuvikaarora/Documents/my-clg-app/src/Login.js","statementMap":{"0":{"start":{"line":7,"column":14},"end":{"line":47,"column":1}},"1":{"start":{"line":8,"column":28},"end":{"line":8,"column":40}},"2":{"start":{"line":9,"column":34},"end":{"line":9,"column":46}},"3":{"start":{"line":10,"column":19},"end":{"line":10,"column":32}},"4":{"start":{"line":12,"column":23},"end":{"line":21,"column":3}},"5":{"start":{"line":13,"column":4},"end":{"line":13,"column":23}},"6":{"start":{"line":15,"column":6},"end":{"line":17,"column":8}},"7":{"start":{"line":16,"column":8},"end":{"line":16,"column":26}},"8":{"start":{"line":18,"column":6},"end":{"line":18,"column":20}},"9":{"start":{"line":20,"column":4},"end":{"line":20,"column":17}},"10":{"start":{"line":27,"column":2},"end":{"line":46,"column":4}},"11":{"start":{"line":33,"column":27},"end":{"line":33,"column":51}},"12":{"start":{"line":38,"column":27},"end":{"line":38,"column":54}}},"fnMap":{"0":{"name":"(anonymous_0)","decl":{"start":{"line":7,"column":14},"end":{"line":7,"column":15}},"loc":{"start":{"line":7,"column":20},"end":{"line":47,"column":1}},"line":7},"1":{"name":"(anonymous_1)","decl":{"start":{"line":12,"column":23},"end":{"line":12,"column":24}},"loc":{"start":{"line":12,"column":30},"end":{"line":21,"column":3}},"line":12},"2":{"name":"onRegister","decl":{"start":{"line":14,"column":13},"end":{"line":14,"column":23}},"loc":{"start":{"line":14,"column":26},"end":{"line":19,"column":5}},"line":14},"3":{"name":"(anonymous_3)","decl":{"start":{"line":15,"column":62},"end":{"line":15,"column":63}},"loc":{"start":{"line":16,"column":8},"end":{"line":16,"column":26}},"line":16},"4":{"name":"(anonymous_4)","decl":{"start":{"line":33,"column":20},"end":{"line":33,"column":21}},"loc":{"start":{"line":33,"column":27},"end":{"line":33,"column":51}},"line":33},"5":{"name":"(anonymous_5)","decl":{"start":{"line":38,"column":20},"end":{"line":38,"column":21}},"loc":{"start":{"line":38,"column":27},"end":{"line":38,"column":54}},"line":38}},"branchMap":{},"s":{"0":1,"1":0,"2":0,"3":0,"4":0,"5":0,"6":0,"7":0,"8":0,"9":0,"10":0,"11":0,"12":0},"f":{"0":0,"1":0,"2":0,"3":0,"4":0,"5":0},"b":{},"_coverageSchema":"1a1c01bbd47fc00a2c39e90264f33305004495a9","hash":"8818e5559f5d9c9aa2c678fcf0cafcd0fda44a31"}
,"/Users/yuvikaarora/Documents/my-clg-app/src/Services.js": {"path":"/Users/yuvikaarora/Documents/my-clg-app/src/Services.js","statementMap":{"0":{"start":{"line":12,"column":2},"end":{"line":22,"column":4}}},"fnMap":{"0":{"name":"Services","decl":{"start":{"line":7,"column":9},"end":{"line":7,"column":17}},"loc":{"start":{"line":7,"column":20},"end":{"line":23,"column":1}},"line":7}},"branchMap":{},"s":{"0":1},"f":{"0":1},"b":{},"_coverageSchema":"1a1c01bbd47fc00a2c39e90264f33305004495a9","hash":"a0d0a5ca6c8ad2a797ea23a7d6edb64d566728be"}
,"/Users/yuvikaarora/Documents/my-clg-app/src/Signup.js": {"path":"/Users/yuvikaarora/Documents/my-clg-app/src/Signup.js","statementMap":{"0":{"start":{"line":8,"column":15},"end":{"line":67,"column":1}},"1":{"start":{"line":9,"column":36},"end":{"line":9,"column":48}},"2":{"start":{"line":10,"column":34},"end":{"line":10,"column":46}},"3":{"start":{"line":11,"column":28},"end":{"line":11,"column":40}},"4":{"start":{"line":12,"column":34},"end":{"line":12,"column":46}},"5":{"start":{"line":13,"column":19},"end":{"line":13,"column":32}},"6":{"start":{"line":15,"column":23},"end":{"line":30,"column":3}},"7":{"start":{"line":16,"column":4},"end":{"line":16,"column":23}},"8":{"start":{"line":18,"column":6},"end":{"line":26,"column":46}},"9":{"start":{"line":20,"column":10},"end":{"line":24,"column":13}},"10":{"start":{"line":26,"column":26},"end":{"line":26,"column":44}},"11":{"start":{"line":27,"column":6},"end":{"line":27,"column":20}},"12":{"start":{"line":29,"column":4},"end":{"line":29,"column":17}},"13":{"start":{"line":32,"column":17},"end":{"line":34,"column":3}},"14":{"start":{"line":33,"column":4},"end":{"line":33,"column":18}},"15":{"start":{"line":35,"column":2},"end":{"line":66,"column":4}},"16":{"start":{"line":40,"column":27},"end":{"line":40,"column":55}},"17":{"start":{"line":45,"column":27},"end":{"line":45,"column":54}},"18":{"start":{"line":50,"column":27},"end":{"line":50,"column":51}},"19":{"start":{"line":56,"column":27},"end":{"line":56,"column":54}},"20":{"start":{"line":61,"column":47},"end":{"line":61,"column":55}}},"fnMap":{"0":{"name":"(anonymous_0)","decl":{"start":{"line":8,"column":15},"end":{"line":8,"column":16}},"loc":{"start":{"line":8,"column":21},"end":{"line":67,"column":1}},"line":8},"1":{"name":"(anonymous_1)","decl":{"start":{"line":15,"column":23},"end":{"line":15,"column":24}},"loc":{"start":{"line":15,"column":30},"end":{"line":30,"column":3}},"line":15},"2":{"name":"onRegister","decl":{"start":{"line":17,"column":13},"end":{"line":17,"column":23}},"loc":{"start":{"line":17,"column":26},"end":{"line":28,"column":5}},"line":17},"3":{"name":"(anonymous_3)","decl":{"start":{"line":19,"column":14},"end":{"line":19,"column":15}},"loc":{"start":{"line":19,"column":34},"end":{"line":25,"column":9}},"line":19},"4":{"name":"(anonymous_4)","decl":{"start":{"line":26,"column":15},"end":{"line":26,"column":16}},"loc":{"start":{"line":26,"column":26},"end":{"line":26,"column":44}},"line":26},"5":{"name":"(anonymous_5)","decl":{"start":{"line":32,"column":17},"end":{"line":32,"column":18}},"loc":{"start":{"line":32,"column":23},"end":{"line":34,"column":3}},"line":32},"6":{"name":"(anonymous_6)","decl":{"start":{"line":40,"column":20},"end":{"line":40,"column":21}},"loc":{"start":{"line":40,"column":27},"end":{"line":40,"column":55}},"line":40},"7":{"name":"(anonymous_7)","decl":{"start":{"line":45,"column":20},"end":{"line":45,"column":21}},"loc":{"start":{"line":45,"column":27},"end":{"line":45,"column":54}},"line":45},"8":{"name":"(anonymous_8)","decl":{"start":{"line":50,"column":20},"end":{"line":50,"column":21}},"loc":{"start":{"line":50,"column":27},"end":{"line":50,"column":51}},"line":50},"9":{"name":"(anonymous_9)","decl":{"start":{"line":56,"column":20},"end":{"line":56,"column":21}},"loc":{"start":{"line":56,"column":27},"end":{"line":56,"column":54}},"line":56},"10":{"name":"(anonymous_10)","decl":{"start":{"line":61,"column":41},"end":{"line":61,"column":42}},"loc":{"start":{"line":61,"column":47},"end":{"line":61,"column":55}},"line":61}},"branchMap":{},"s":{"0":1,"1":0,"2":0,"3":0,"4":0,"5":0,"6":0,"7":0,"8":0,"9":0,"10":0,"11":0,"12":0,"13":0,"14":0,"15":0,"16":0,"17":0,"18":0,"19":0,"20":0},"f":{"0":0,"1":0,"2":0,"3":0,"4":0,"5":0,"6":0,"7":0,"8":0,"9":0,"10":0},"b":{},"_coverageSchema":"1a1c01bbd47fc00a2c39e90264f33305004495a9","hash":"2fd52a8d53a6852fd01132e1aa4f12dec6e37775"}
,"/Users/yuvikaarora/Documents/my-clg-app/src/Weather.js": {"path":"/Users/yuvikaarora/Documents/my-clg-app/src/Weather.js","statementMap":{"0":{"start":{"line":7,"column":26},"end":{"line":7,"column":38}},"1":{"start":{"line":8,"column":34},"end":{"line":8,"column":46}},"2":{"start":{"line":10,"column":14},"end":{"line":10,"column":129}},"3":{"start":{"line":12,"column":25},"end":{"line":20,"column":3}},"4":{"start":{"line":13,"column":4},"end":{"line":19,"column":5}},"5":{"start":{"line":14,"column":6},"end":{"line":17,"column":9}},"6":{"start":{"line":15,"column":8},"end":{"line":15,"column":31}},"7":{"start":{"line":16,"column":8},"end":{"line":16,"column":35}},"8":{"start":{"line":18,"column":6},"end":{"line":18,"column":22}},"9":{"start":{"line":22,"column":2},"end":{"line":67,"column":4}},"10":{"start":{"line":28,"column":33},"end":{"line":28,"column":64}}},"fnMap":{"0":{"name":"Weather","decl":{"start":{"line":6,"column":9},"end":{"line":6,"column":16}},"loc":{"start":{"line":6,"column":19},"end":{"line":68,"column":1}},"line":6},"1":{"name":"(anonymous_1)","decl":{"start":{"line":12,"column":25},"end":{"line":12,"column":26}},"loc":{"start":{"line":12,"column":36},"end":{"line":20,"column":3}},"line":12},"2":{"name":"(anonymous_2)","decl":{"start":{"line":14,"column":26},"end":{"line":14,"column":27}},"loc":{"start":{"line":14,"column":40},"end":{"line":17,"column":7}},"line":14},"3":{"name":"(anonymous_3)","decl":{"start":{"line":28,"column":22},"end":{"line":28,"column":23}},"loc":{"start":{"line":28,"column":33},"end":{"line":28,"column":64}},"line":28}},"branchMap":{"0":{"loc":{"start":{"line":13,"column":4},"end":{"line":19,"column":5}},"type":"if","locations":[{"start":{"line":13,"column":4},"end":{"line":19,"column":5}},{"start":{},"end":{}}],"line":13},"1":{"loc":{"start":{"line":39,"column":13},"end":{"line":39,"column":73}},"type":"cond-expr","locations":[{"start":{"line":39,"column":25},"end":{"line":39,"column":66}},{"start":{"line":39,"column":69},"end":{"line":39,"column":73}}],"line":39},"2":{"loc":{"start":{"line":42,"column":13},"end":{"line":42,"column":64}},"type":"cond-expr","locations":[{"start":{"line":42,"column":28},"end":{"line":42,"column":57}},{"start":{"line":42,"column":60},"end":{"line":42,"column":64}}],"line":42},"3":{"loc":{"start":{"line":45,"column":9},"end":{"line":64,"column":9}},"type":"binary-expr","locations":[{"start":{"line":45,"column":9},"end":{"line":45,"column":31}},{"start":{"line":46,"column":10},"end":{"line":63,"column":16}}],"line":45},"4":{"loc":{"start":{"line":48,"column":15},"end":{"line":50,"column":22}},"type":"cond-expr","locations":[{"start":{"line":49,"column":16},"end":{"line":49,"column":78}},{"start":{"line":50,"column":18},"end":{"line":50,"column":22}}],"line":48},"5":{"loc":{"start":{"line":54,"column":15},"end":{"line":54,"column":79}},"type":"cond-expr","locations":[{"start":{"line":54,"column":27},"end":{"line":54,"column":72}},{"start":{"line":54,"column":75},"end":{"line":54,"column":79}}],"line":54},"6":{"loc":{"start":{"line":58,"column":15},"end":{"line":60,"column":22}},"type":"cond-expr","locations":[{"start":{"line":59,"column":16},"end":{"line":59,"column":73}},{"start":{"line":60,"column":18},"end":{"line":60,"column":22}}],"line":58}},"s":{"0":1,"1":1,"2":1,"3":1,"4":0,"5":0,"6":0,"7":0,"8":0,"9":1,"10":0},"f":{"0":1,"1":0,"2":0,"3":0},"b":{"0":[0,0],"1":[0,1],"2":[0,1],"3":[1,0],"4":[0,0],"5":[0,0],"6":[0,0]},"_coverageSchema":"1a1c01bbd47fc00a2c39e90264f33305004495a9","hash":"bc9c39ae40fa5a7a3fcbcf055dcc33e19a9a97a8"}
,"/Users/yuvikaarora/Documents/my-clg-app/src/base.js": {"path":"/Users/yuvikaarora/Documents/my-clg-app/src/base.js","statementMap":{"0":{"start":{"line":5,"column":23},"end":{"line":12,"column":1}},"1":{"start":{"line":14,"column":12},"end":{"line":14,"column":41}},"2":{"start":{"line":15,"column":20},"end":{"line":15,"column":29}},"3":{"start":{"line":16,"column":18},"end":{"line":16,"column":34}}},"fnMap":{},"branchMap":{},"s":{"0":4,"1":4,"2":4,"3":4},"f":{},"b":{},"_coverageSchema":"1a1c01bbd47fc00a2c39e90264f33305004495a9","hash":"b3d219f5ce933d09fdeeea956524081e3b70e212"}
,"/Users/yuvikaarora/Documents/my-clg-app/src/index.js": {"path":"/Users/yuvikaarora/Documents/my-clg-app/src/index.js","statementMap":{"0":{"start":{"line":8,"column":0},"end":{"line":15,"column":2}},"1":{"start":{"line":20,"column":0},"end":{"line":20,"column":18}}},"fnMap":{},"branchMap":{},"s":{"0":0,"1":0},"f":{},"b":{}}
,"/Users/yuvikaarora/Documents/my-clg-app/src/reportWebVitals.js": {"path":"/Users/yuvikaarora/Documents/my-clg-app/src/reportWebVitals.js","statementMap":{"0":{"start":{"line":1,"column":24},"end":{"line":11,"column":1}},"1":{"start":{"line":2,"column":2},"end":{"line":10,"column":3}},"2":{"start":{"line":3,"column":4},"end":{"line":9,"column":7}},"3":{"start":{"line":4,"column":6},"end":{"line":4,"column":26}},"4":{"start":{"line":5,"column":6},"end":{"line":5,"column":26}},"5":{"start":{"line":6,"column":6},"end":{"line":6,"column":26}},"6":{"start":{"line":7,"column":6},"end":{"line":7,"column":26}},"7":{"start":{"line":8,"column":6},"end":{"line":8,"column":27}}},"fnMap":{"0":{"name":"(anonymous_0)","decl":{"start":{"line":1,"column":24},"end":{"line":1,"column":25}},"loc":{"start":{"line":1,"column":39},"end":{"line":11,"column":1}},"line":1},"1":{"name":"(anonymous_1)","decl":{"start":{"line":3,"column":30},"end":{"line":3,"column":31}},"loc":{"start":{"line":3,"column":79},"end":{"line":9,"column":5}},"line":3}},"branchMap":{"0":{"loc":{"start":{"line":2,"column":2},"end":{"line":10,"column":3}},"type":"if","locations":[{"start":{"line":2,"column":2},"end":{"line":10,"column":3}},{"start":{},"end":{}}],"line":2},"1":{"loc":{"start":{"line":2,"column":6},"end":{"line":2,"column":52}},"type":"binary-expr","locations":[{"start":{"line":2,"column":6},"end":{"line":2,"column":17}},{"start":{"line":2,"column":21},"end":{"line":2,"column":52}}],"line":2}},"s":{"0":0,"1":0,"2":0,"3":0,"4":0,"5":0,"6":0,"7":0},"f":{"0":0,"1":0},"b":{"0":[0,0],"1":[0,0]}}
}
